<?xml version="1.0" encoding="UTF-8"?>
<testsuite xmlns:xsi="http://www.w3.org/2001/XMLSchema-instance" xsi:noNamespaceSchemaLocation="https://maven.apache.org/surefire/maven-surefire-plugin/xsd/surefire-test-report-3.0.xsd" version="3.0" name="org.uniroma2.it.ledgerMetadataIndexTests.LedgerMetadataIndexGetTest" time="1.962" tests="2" errors="0" skipped="0" failures="0">
  <properties>
    <property name="sun.desktop" value="gnome"/>
    <property name="awt.toolkit" value="sun.awt.X11.XToolkit"/>
    <property name="java.specification.version" value="11"/>
    <property name="sun.cpu.isalist" value=""/>
    <property name="sun.jnu.encoding" value="UTF-8"/>
    <property name="java.class.path" value="/home/michelablack/bookkeeper/bookkeeper-server/target/test-classes:/home/michelablack/bookkeeper/bookkeeper-server/target/classes:/home/michelablack/.m2/repository/org/assertj/assertj-core/3.15.0/assertj-core-3.15.0.jar:/home/michelablack/.m2/repository/ch/qos/logback/logback-classic/1.2.6/logback-classic-1.2.6.jar:/home/michelablack/.m2/repository/ch/qos/logback/logback-core/1.2.6/logback-core-1.2.6.jar:/home/michelablack/.m2/repository/org/apache/bookkeeper/bookkeeper-common/4.14.1/bookkeeper-common-4.14.1.jar:/home/michelablack/.m2/repository/org/apache/bookkeeper/stats/bookkeeper-stats-api/4.14.1/bookkeeper-stats-api-4.14.1.jar:/home/michelablack/.m2/repository/org/apache/bookkeeper/cpu-affinity/4.14.1/cpu-affinity-4.14.1.jar:/home/michelablack/.m2/repository/com/google/guava/guava/30.0-jre/guava-30.0-jre.jar:/home/michelablack/.m2/repository/com/google/guava/failureaccess/1.0.1/failureaccess-1.0.1.jar:/home/michelablack/.m2/repository/com/google/guava/listenablefuture/9999.0-empty-to-avoid-conflict-with-guava/listenablefuture-9999.0-empty-to-avoid-conflict-with-guava.jar:/home/michelablack/.m2/repository/org/checkerframework/checker-qual/3.5.0/checker-qual-3.5.0.jar:/home/michelablack/.m2/repository/com/google/errorprone/error_prone_annotations/2.4.0/error_prone_annotations-2.4.0.jar:/home/michelablack/.m2/repository/com/google/j2objc/j2objc-annotations/1.3/j2objc-annotations-1.3.jar:/home/michelablack/.m2/repository/io/netty/netty-common/4.1.63.Final/netty-common-4.1.63.Final.jar:/home/michelablack/.m2/repository/com/fasterxml/jackson/core/jackson-core/2.11.0/jackson-core-2.11.0.jar:/home/michelablack/.m2/repository/com/fasterxml/jackson/core/jackson-databind/2.11.0/jackson-databind-2.11.0.jar:/home/michelablack/.m2/repository/com/fasterxml/jackson/core/jackson-annotations/2.11.0/jackson-annotations-2.11.0.jar:/home/michelablack/.m2/repository/org/jctools/jctools-core/2.1.2/jctools-core-2.1.2.jar:/home/michelablack/.m2/repository/org/apache/bookkeeper/bookkeeper-common-allocator/4.14.1/bookkeeper-common-allocator-4.14.1.jar:/home/michelablack/.m2/repository/io/netty/netty-buffer/4.1.63.Final/netty-buffer-4.1.63.Final.jar:/home/michelablack/.m2/repository/org/apache/bookkeeper/bookkeeper-proto/4.14.1/bookkeeper-proto-4.14.1.jar:/home/michelablack/.m2/repository/com/google/protobuf/protobuf-java/3.14.0/protobuf-java-3.14.0.jar:/home/michelablack/.m2/repository/org/apache/bookkeeper/bookkeeper-tools-framework/4.14.1/bookkeeper-tools-framework-4.14.1.jar:/home/michelablack/.m2/repository/org/rocksdb/rocksdbjni/6.16.4/rocksdbjni-6.16.4.jar:/home/michelablack/.m2/repository/org/slf4j/slf4j-log4j12/1.7.25/slf4j-log4j12-1.7.25.jar:/home/michelablack/.m2/repository/log4j/log4j/1.2.17/log4j-1.2.17.jar:/home/michelablack/.m2/repository/org/apache/zookeeper/zookeeper/3.6.2/zookeeper-3.6.2.jar:/home/michelablack/.m2/repository/commons-lang/commons-lang/2.6/commons-lang-2.6.jar:/home/michelablack/.m2/repository/org/apache/zookeeper/zookeeper-jute/3.6.2/zookeeper-jute-3.6.2.jar:/home/michelablack/.m2/repository/org/apache/yetus/audience-annotations/0.5.0/audience-annotations-0.5.0.jar:/home/michelablack/.m2/repository/io/netty/netty-handler/4.1.63.Final/netty-handler-4.1.63.Final.jar:/home/michelablack/.m2/repository/io/netty/netty-resolver/4.1.63.Final/netty-resolver-4.1.63.Final.jar:/home/michelablack/.m2/repository/io/netty/netty-transport/4.1.63.Final/netty-transport-4.1.63.Final.jar:/home/michelablack/.m2/repository/io/netty/netty-codec/4.1.63.Final/netty-codec-4.1.63.Final.jar:/home/michelablack/.m2/repository/io/netty/netty-transport-native-epoll/4.1.63.Final/netty-transport-native-epoll-4.1.63.Final-linux-x86_64.jar:/home/michelablack/.m2/repository/io/netty/netty-transport-native-unix-common/4.1.63.Final/netty-transport-native-unix-common-4.1.63.Final.jar:/home/michelablack/.m2/repository/io/netty/netty-tcnative-boringssl-static/2.0.38.Final/netty-tcnative-boringssl-static-2.0.38.Final.jar:/home/michelablack/.m2/repository/org/apache/bookkeeper/http/http-server/4.14.1/http-server-4.14.1.jar:/home/michelablack/.m2/repository/org/apache/bookkeeper/circe-checksum/4.14.1/circe-checksum-4.14.1.jar:/home/michelablack/.m2/repository/commons-cli/commons-cli/1.2/commons-cli-1.2.jar:/home/michelablack/.m2/repository/commons-codec/commons-codec/1.6/commons-codec-1.6.jar:/home/michelablack/.m2/repository/commons-io/commons-io/2.4/commons-io-2.4.jar:/home/michelablack/.m2/repository/org/apache/commons/commons-lang3/3.6/commons-lang3-3.6.jar:/home/michelablack/.m2/repository/org/apache/commons/commons-collections4/4.1/commons-collections4-4.1.jar:/home/michelablack/.m2/repository/org/bouncycastle/bc-fips/1.0.2/bc-fips-1.0.2.jar:/home/michelablack/.m2/repository/com/beust/jcommander/1.78/jcommander-1.78.jar:/home/michelablack/.m2/repository/net/java/dev/jna/jna/3.2.7/jna-3.2.7.jar:/home/michelablack/.m2/repository/org/apache/httpcomponents/httpclient/4.5.5/httpclient-4.5.5.jar:/home/michelablack/.m2/repository/org/apache/httpcomponents/httpcore/4.4.9/httpcore-4.4.9.jar:/home/michelablack/.m2/repository/commons-logging/commons-logging/1.2/commons-logging-1.2.jar:/home/michelablack/.m2/repository/org/apache/bookkeeper/bookkeeper-common/4.14.1/bookkeeper-common-4.14.1-tests.jar:/home/michelablack/.m2/repository/org/apache/kerby/kerby-config/1.1.1/kerby-config-1.1.1.jar:/home/michelablack/.m2/repository/org/apache/kerby/kerb-simplekdc/1.1.1/kerb-simplekdc-1.1.1.jar:/home/michelablack/.m2/repository/org/apache/kerby/kerb-client/1.1.1/kerb-client-1.1.1.jar:/home/michelablack/.m2/repository/org/apache/kerby/kerb-core/1.1.1/kerb-core-1.1.1.jar:/home/michelablack/.m2/repository/org/apache/kerby/kerby-pkix/1.1.1/kerby-pkix-1.1.1.jar:/home/michelablack/.m2/repository/org/apache/kerby/kerby-asn1/1.1.1/kerby-asn1-1.1.1.jar:/home/michelablack/.m2/repository/org/apache/kerby/kerby-util/1.1.1/kerby-util-1.1.1.jar:/home/michelablack/.m2/repository/org/apache/kerby/kerb-common/1.1.1/kerb-common-1.1.1.jar:/home/michelablack/.m2/repository/org/apache/kerby/kerb-crypto/1.1.1/kerb-crypto-1.1.1.jar:/home/michelablack/.m2/repository/org/apache/kerby/kerb-util/1.1.1/kerb-util-1.1.1.jar:/home/michelablack/.m2/repository/org/apache/kerby/token-provider/1.1.1/token-provider-1.1.1.jar:/home/michelablack/.m2/repository/com/nimbusds/nimbus-jose-jwt/4.41.2/nimbus-jose-jwt-4.41.2.jar:/home/michelablack/.m2/repository/com/github/stephenc/jcip/jcip-annotations/1.0-1/jcip-annotations-1.0-1.jar:/home/michelablack/.m2/repository/net/minidev/json-smart/2.3/json-smart-2.3.jar:/home/michelablack/.m2/repository/net/minidev/accessors-smart/1.2/accessors-smart-1.2.jar:/home/michelablack/.m2/repository/org/ow2/asm/asm/5.0.4/asm-5.0.4.jar:/home/michelablack/.m2/repository/org/apache/kerby/kerb-admin/1.1.1/kerb-admin-1.1.1.jar:/home/michelablack/.m2/repository/org/apache/kerby/kerb-server/1.1.1/kerb-server-1.1.1.jar:/home/michelablack/.m2/repository/org/apache/kerby/kerb-identity/1.1.1/kerb-identity-1.1.1.jar:/home/michelablack/.m2/repository/org/apache/kerby/kerby-xdr/1.1.1/kerby-xdr-1.1.1.jar:/home/michelablack/.m2/repository/org/apache/zookeeper/zookeeper/3.6.2/zookeeper-3.6.2-tests.jar:/home/michelablack/.m2/repository/org/xerial/snappy/snappy-java/1.1.7/snappy-java-1.1.7.jar:/home/michelablack/.m2/repository/io/dropwizard/metrics/metrics-core/3.2.5/metrics-core-3.2.5.jar:/home/michelablack/.m2/repository/org/apache/bookkeeper/stats/prometheus-metrics-provider/4.14.1/prometheus-metrics-provider-4.14.1.jar:/home/michelablack/.m2/repository/io/prometheus/simpleclient/0.8.1/simpleclient-0.8.1.jar:/home/michelablack/.m2/repository/io/prometheus/simpleclient_hotspot/0.8.1/simpleclient_hotspot-0.8.1.jar:/home/michelablack/.m2/repository/io/prometheus/simpleclient_servlet/0.8.1/simpleclient_servlet-0.8.1.jar:/home/michelablack/.m2/repository/io/prometheus/simpleclient_common/0.8.1/simpleclient_common-0.8.1.jar:/home/michelablack/.m2/repository/org/eclipse/jetty/jetty-servlet/9.4.33.v20201020/jetty-servlet-9.4.33.v20201020.jar:/home/michelablack/.m2/repository/org/eclipse/jetty/jetty-security/9.4.33.v20201020/jetty-security-9.4.33.v20201020.jar:/home/michelablack/.m2/repository/org/eclipse/jetty/jetty-server/9.4.33.v20201020/jetty-server-9.4.33.v20201020.jar:/home/michelablack/.m2/repository/javax/servlet/javax.servlet-api/4.0.0/javax.servlet-api-4.0.0.jar:/home/michelablack/.m2/repository/org/eclipse/jetty/jetty-http/9.4.33.v20201020/jetty-http-9.4.33.v20201020.jar:/home/michelablack/.m2/repository/org/eclipse/jetty/jetty-util/9.4.33.v20201020/jetty-util-9.4.33.v20201020.jar:/home/michelablack/.m2/repository/org/eclipse/jetty/jetty-io/9.4.33.v20201020/jetty-io-9.4.33.v20201020.jar:/home/michelablack/.m2/repository/com/yahoo/datasketches/sketches-core/0.8.3/sketches-core-0.8.3.jar:/home/michelablack/.m2/repository/com/yahoo/datasketches/memory/0.8.3/memory-0.8.3.jar:/home/michelablack/.m2/repository/org/apache/bookkeeper/http/vertx-http-server/4.14.1/vertx-http-server-4.14.1.jar:/home/michelablack/.m2/repository/io/vertx/vertx-core/3.5.3/vertx-core-3.5.3.jar:/home/michelablack/.m2/repository/io/netty/netty-handler-proxy/4.1.63.Final/netty-handler-proxy-4.1.63.Final.jar:/home/michelablack/.m2/repository/io/netty/netty-codec-socks/4.1.63.Final/netty-codec-socks-4.1.63.Final.jar:/home/michelablack/.m2/repository/io/netty/netty-codec-http/4.1.63.Final/netty-codec-http-4.1.63.Final.jar:/home/michelablack/.m2/repository/io/netty/netty-codec-http2/4.1.63.Final/netty-codec-http2-4.1.63.Final.jar:/home/michelablack/.m2/repository/io/netty/netty-resolver-dns/4.1.63.Final/netty-resolver-dns-4.1.63.Final.jar:/home/michelablack/.m2/repository/io/netty/netty-codec-dns/4.1.63.Final/netty-codec-dns-4.1.63.Final.jar:/home/michelablack/.m2/repository/io/vertx/vertx-web/3.5.3/vertx-web-3.5.3.jar:/home/michelablack/.m2/repository/io/vertx/vertx-auth-common/3.5.3/vertx-auth-common-3.5.3.jar:/home/michelablack/.m2/repository/io/vertx/vertx-bridge-common/3.5.3/vertx-bridge-common-3.5.3.jar:/home/michelablack/.m2/repository/org/pitest/pitest-maven/1.5.1/pitest-maven-1.5.1.jar:/home/michelablack/.m2/repository/org/pitest/pitest-entry/1.5.1/pitest-entry-1.5.1.jar:/home/michelablack/.m2/repository/org/pitest/pitest/1.5.1/pitest-1.5.1.jar:/home/michelablack/.m2/repository/org/pitest/pitest-html-report/1.5.1/pitest-html-report-1.5.1.jar:/home/michelablack/.m2/repository/org/pitest/pitest-aggregator/1.5.1/pitest-aggregator-1.5.1.jar:/home/michelablack/.m2/repository/org/apache/maven/maven-plugin-api/2.2.1/maven-plugin-api-2.2.1.jar:/home/michelablack/.m2/repository/org/apache/maven/reporting/maven-reporting-api/2.2.1/maven-reporting-api-2.2.1.jar:/home/michelablack/.m2/repository/org/apache/maven/doxia/doxia-sink-api/1.1/doxia-sink-api-1.1.jar:/home/michelablack/.m2/repository/org/apache/maven/doxia/doxia-logging-api/1.1/doxia-logging-api-1.1.jar:/home/michelablack/.m2/repository/commons-collections/commons-collections/3.2.2/commons-collections-3.2.2.jar:/home/michelablack/.m2/repository/commons-beanutils/commons-beanutils/1.9.4/commons-beanutils-1.9.4.jar:/home/michelablack/.m2/repository/org/codehaus/plexus/plexus-utils/3.3.0/plexus-utils-3.3.0.jar:/home/michelablack/.m2/repository/org/apache/maven/reporting/maven-reporting-impl/2.0.4.3/maven-reporting-impl-2.0.4.3.jar:/home/michelablack/.m2/repository/org/apache/maven/doxia/doxia-core/1.0/doxia-core-1.0.jar:/home/michelablack/.m2/repository/org/apache/maven/doxia/doxia-site-renderer/1.0/doxia-site-renderer-1.0.jar:/home/michelablack/.m2/repository/org/codehaus/plexus/plexus-i18n/1.0-beta-7/plexus-i18n-1.0-beta-7.jar:/home/michelablack/.m2/repository/org/codehaus/plexus/plexus-velocity/1.1.7/plexus-velocity-1.1.7.jar:/home/michelablack/.m2/repository/org/apache/velocity/velocity/1.5/velocity-1.5.jar:/home/michelablack/.m2/repository/org/apache/maven/doxia/doxia-decoration-model/1.0/doxia-decoration-model-1.0.jar:/home/michelablack/.m2/repository/org/apache/maven/doxia/doxia-module-apt/1.0/doxia-module-apt-1.0.jar:/home/michelablack/.m2/repository/org/apache/maven/doxia/doxia-module-fml/1.0/doxia-module-fml-1.0.jar:/home/michelablack/.m2/repository/org/apache/maven/doxia/doxia-module-xdoc/1.0/doxia-module-xdoc-1.0.jar:/home/michelablack/.m2/repository/org/apache/maven/doxia/doxia-module-xhtml/1.0/doxia-module-xhtml-1.0.jar:/home/michelablack/.m2/repository/commons-validator/commons-validator/1.2.0/commons-validator-1.2.0.jar:/home/michelablack/.m2/repository/commons-digester/commons-digester/1.6/commons-digester-1.6.jar:/home/michelablack/.m2/repository/oro/oro/2.0.8/oro-2.0.8.jar:/home/michelablack/.m2/repository/xml-apis/xml-apis/1.0.b2/xml-apis-1.0.b2.jar:/home/michelablack/.m2/repository/org/apache/maven/shared/maven-doxia-tools/1.0.2/maven-doxia-tools-1.0.2.jar:/home/michelablack/.m2/repository/org/apache/maven/maven-project/2.2.1/maven-project-2.2.1.jar:/home/michelablack/.m2/repository/org/apache/maven/maven-settings/2.2.1/maven-settings-2.2.1.jar:/home/michelablack/.m2/repository/org/apache/maven/maven-profile/2.2.1/maven-profile-2.2.1.jar:/home/michelablack/.m2/repository/org/apache/maven/maven-model/2.2.1/maven-model-2.2.1.jar:/home/michelablack/.m2/repository/org/apache/maven/maven-artifact-manager/2.2.1/maven-artifact-manager-2.2.1.jar:/home/michelablack/.m2/repository/org/apache/maven/maven-repository-metadata/2.2.1/maven-repository-metadata-2.2.1.jar:/home/michelablack/.m2/repository/org/apache/maven/wagon/wagon-provider-api/1.0-beta-6/wagon-provider-api-1.0-beta-6.jar:/home/michelablack/.m2/repository/backport-util-concurrent/backport-util-concurrent/3.1/backport-util-concurrent-3.1.jar:/home/michelablack/.m2/repository/org/apache/maven/maven-plugin-registry/2.2.1/maven-plugin-registry-2.2.1.jar:/home/michelablack/.m2/repository/org/codehaus/plexus/plexus-interpolation/1.11/plexus-interpolation-1.11.jar:/home/michelablack/.m2/repository/org/codehaus/plexus/plexus-container-default/1.0-alpha-9-stable-1/plexus-container-default-1.0-alpha-9-stable-1.jar:/home/michelablack/.m2/repository/classworlds/classworlds/1.1-alpha-2/classworlds-1.1-alpha-2.jar:/home/michelablack/.m2/repository/org/apache/maven/scm/maven-scm-api/1.9.4/maven-scm-api-1.9.4.jar:/home/michelablack/.m2/repository/org/apache/maven/scm/maven-scm-manager-plexus/1.9.4/maven-scm-manager-plexus-1.9.4.jar:/home/michelablack/.m2/repository/org/codehaus/groovy/groovy-all/2.4.18/groovy-all-2.4.18.jar:/home/michelablack/.m2/repository/org/apache/maven/scm/maven-scm-provider-accurev/1.9.4/maven-scm-provider-accurev-1.9.4.jar:/home/michelablack/.m2/repository/org/apache/maven/scm/maven-scm-provider-bazaar/1.9.4/maven-scm-provider-bazaar-1.9.4.jar:/home/michelablack/.m2/repository/org/apache/maven/scm/maven-scm-provider-clearcase/1.9.4/maven-scm-provider-clearcase-1.9.4.jar:/home/michelablack/.m2/repository/org/apache/maven/scm/maven-scm-provider-cvsexe/1.9.4/maven-scm-provider-cvsexe-1.9.4.jar:/home/michelablack/.m2/repository/org/apache/maven/scm/maven-scm-provider-cvs-commons/1.9.4/maven-scm-provider-cvs-commons-1.9.4.jar:/home/michelablack/.m2/repository/org/apache/maven/scm/maven-scm-provider-cvsjava/1.9.4/maven-scm-provider-cvsjava-1.9.4.jar:/home/michelablack/.m2/repository/org/netbeans/lib/cvsclient/20060125/cvsclient-20060125.jar:/home/michelablack/.m2/repository/ch/ethz/ganymed/ganymed-ssh2/build210/ganymed-ssh2-build210.jar:/home/michelablack/.m2/repository/org/apache/maven/scm/maven-scm-provider-gitexe/1.9.4/maven-scm-provider-gitexe-1.9.4.jar:/home/michelablack/.m2/repository/org/apache/maven/scm/maven-scm-provider-git-commons/1.9.4/maven-scm-provider-git-commons-1.9.4.jar:/home/michelablack/.m2/repository/org/apache/maven/scm/maven-scm-provider-hg/1.9.4/maven-scm-provider-hg-1.9.4.jar:/home/michelablack/.m2/repository/org/apache/maven/scm/maven-scm-provider-perforce/1.9.4/maven-scm-provider-perforce-1.9.4.jar:/home/michelablack/.m2/repository/org/apache/maven/scm/maven-scm-provider-starteam/1.9.4/maven-scm-provider-starteam-1.9.4.jar:/home/michelablack/.m2/repository/org/apache/maven/scm/maven-scm-provider-svnexe/1.9.4/maven-scm-provider-svnexe-1.9.4.jar:/home/michelablack/.m2/repository/org/apache/maven/scm/maven-scm-provider-svn-commons/1.9.4/maven-scm-provider-svn-commons-1.9.4.jar:/home/michelablack/.m2/repository/org/apache/maven/scm/maven-scm-provider-synergy/1.9.4/maven-scm-provider-synergy-1.9.4.jar:/home/michelablack/.m2/repository/org/apache/maven/scm/maven-scm-provider-vss/1.9.4/maven-scm-provider-vss-1.9.4.jar:/home/michelablack/.m2/repository/org/apache/maven/scm/maven-scm-provider-tfs/1.9.4/maven-scm-provider-tfs-1.9.4.jar:/home/michelablack/.m2/repository/org/apache/maven/scm/maven-scm-provider-integrity/1.9.4/maven-scm-provider-integrity-1.9.4.jar:/home/michelablack/.m2/repository/com/mks/api/mksapi-jar/4.10.9049/mksapi-jar-4.10.9049.jar:/home/michelablack/.m2/repository/org/apache/maven/scm/maven-scm-provider-jazz/1.9.4/maven-scm-provider-jazz-1.9.4.jar:/home/michelablack/.m2/repository/org/apache/maven/surefire/surefire-booter/2.17/surefire-booter-2.17.jar:/home/michelablack/.m2/repository/org/apache/maven/surefire/surefire-api/2.17/surefire-api-2.17.jar:/home/michelablack/.m2/repository/org/apache/maven/surefire/maven-surefire-common/2.17/maven-surefire-common-2.17.jar:/home/michelablack/.m2/repository/org/apache/maven/plugin-tools/maven-plugin-annotations/3.2/maven-plugin-annotations-3.2.jar:/home/michelablack/.m2/repository/org/apache/maven/maven-plugin-descriptor/2.0.9/maven-plugin-descriptor-2.0.9.jar:/home/michelablack/.m2/repository/org/apache/maven/maven-core/2.0.9/maven-core-2.0.9.jar:/home/michelablack/.m2/repository/org/apache/maven/maven-plugin-parameter-documenter/2.0.9/maven-plugin-parameter-documenter-2.0.9.jar:/home/michelablack/.m2/repository/org/apache/maven/maven-error-diagnostics/2.0.9/maven-error-diagnostics-2.0.9.jar:/home/michelablack/.m2/repository/org/apache/maven/maven-monitor/2.0.9/maven-monitor-2.0.9.jar:/home/michelablack/.m2/repository/org/apache/maven/maven-artifact/2.2.1/maven-artifact-2.2.1.jar:/home/michelablack/.m2/repository/org/apache/maven/maven-toolchain/2.2.1/maven-toolchain-2.2.1.jar:/home/michelablack/.m2/repository/org/slf4j/jul-to-slf4j/1.7.12/jul-to-slf4j-1.7.12.jar:/home/michelablack/.m2/repository/uk/org/lidalia/sysout-over-slf4j/1.0.2/sysout-over-slf4j-1.0.2.jar:/home/michelablack/.m2/repository/org/projectlombok/lombok/1.18.20/lombok-1.18.20.jar:/home/michelablack/.m2/repository/com/github/spotbugs/spotbugs-annotations/3.1.8/spotbugs-annotations-3.1.8.jar:/home/michelablack/.m2/repository/com/google/code/findbugs/jsr305/3.0.2/jsr305-3.0.2.jar:/home/michelablack/.m2/repository/org/slf4j/slf4j-api/1.7.25/slf4j-api-1.7.25.jar:/home/michelablack/.m2/repository/commons-configuration/commons-configuration/1.10/commons-configuration-1.10.jar:/home/michelablack/.m2/repository/junit/junit/4.12/junit-4.12.jar:/home/michelablack/.m2/repository/org/hamcrest/hamcrest-core/1.3/hamcrest-core-1.3.jar:/home/michelablack/.m2/repository/org/hamcrest/hamcrest-all/1.3/hamcrest-all-1.3.jar:/home/michelablack/.m2/repository/org/mockito/mockito-core/3.0.0/mockito-core-3.0.0.jar:/home/michelablack/.m2/repository/net/bytebuddy/byte-buddy/1.9.10/byte-buddy-1.9.10.jar:/home/michelablack/.m2/repository/net/bytebuddy/byte-buddy-agent/1.9.10/byte-buddy-agent-1.9.10.jar:/home/michelablack/.m2/repository/org/objenesis/objenesis/2.6/objenesis-2.6.jar:/home/michelablack/.m2/repository/org/mockito/mockito-all/1.9.5/mockito-all-1.9.5.jar:/home/michelablack/.m2/repository/org/powermock/powermock-api-mockito2/2.0.2/powermock-api-mockito2-2.0.2.jar:/home/michelablack/.m2/repository/org/powermock/powermock-api-support/2.0.2/powermock-api-support-2.0.2.jar:/home/michelablack/.m2/repository/org/powermock/powermock-reflect/2.0.2/powermock-reflect-2.0.2.jar:/home/michelablack/.m2/repository/org/powermock/powermock-core/2.0.2/powermock-core-2.0.2.jar:/home/michelablack/.m2/repository/org/javassist/javassist/3.24.0-GA/javassist-3.24.0-GA.jar:/home/michelablack/.m2/repository/org/powermock/powermock-module-junit4/2.0.2/powermock-module-junit4-2.0.2.jar:/home/michelablack/.m2/repository/org/powermock/powermock-module-junit4-common/2.0.2/powermock-module-junit4-common-2.0.2.jar:"/>
    <property name="java.vm.vendor" value="Ubuntu"/>
    <property name="sun.arch.data.model" value="64"/>
    <property name="java.vendor.url" value="https://ubuntu.com/"/>
    <property name="user.timezone" value=""/>
    <property name="java.vm.specification.version" value="11"/>
    <property name="os.name" value="Linux"/>
    <property name="sun.java.launcher" value="SUN_STANDARD"/>
    <property name="user.country" value="IT"/>
    <property name="sun.boot.library.path" value="/usr/lib/jvm/java-11-openjdk-amd64/lib"/>
    <property name="sun.java.command" value="/home/michelablack/bookkeeper/bookkeeper-server/target/surefire/surefirebooter13959525532566235443.jar /home/michelablack/bookkeeper/bookkeeper-server/target/surefire 2022-01-16T04-16-59_332-jvmRun1 surefire522124213725293811tmp surefire_510364183802335741820tmp"/>
    <property name="jdk.debug" value="release"/>
    <property name="surefire.test.class.path" value="/home/michelablack/bookkeeper/bookkeeper-server/target/test-classes:/home/michelablack/bookkeeper/bookkeeper-server/target/classes:/home/michelablack/.m2/repository/org/assertj/assertj-core/3.15.0/assertj-core-3.15.0.jar:/home/michelablack/.m2/repository/ch/qos/logback/logback-classic/1.2.6/logback-classic-1.2.6.jar:/home/michelablack/.m2/repository/ch/qos/logback/logback-core/1.2.6/logback-core-1.2.6.jar:/home/michelablack/.m2/repository/org/apache/bookkeeper/bookkeeper-common/4.14.1/bookkeeper-common-4.14.1.jar:/home/michelablack/.m2/repository/org/apache/bookkeeper/stats/bookkeeper-stats-api/4.14.1/bookkeeper-stats-api-4.14.1.jar:/home/michelablack/.m2/repository/org/apache/bookkeeper/cpu-affinity/4.14.1/cpu-affinity-4.14.1.jar:/home/michelablack/.m2/repository/com/google/guava/guava/30.0-jre/guava-30.0-jre.jar:/home/michelablack/.m2/repository/com/google/guava/failureaccess/1.0.1/failureaccess-1.0.1.jar:/home/michelablack/.m2/repository/com/google/guava/listenablefuture/9999.0-empty-to-avoid-conflict-with-guava/listenablefuture-9999.0-empty-to-avoid-conflict-with-guava.jar:/home/michelablack/.m2/repository/org/checkerframework/checker-qual/3.5.0/checker-qual-3.5.0.jar:/home/michelablack/.m2/repository/com/google/errorprone/error_prone_annotations/2.4.0/error_prone_annotations-2.4.0.jar:/home/michelablack/.m2/repository/com/google/j2objc/j2objc-annotations/1.3/j2objc-annotations-1.3.jar:/home/michelablack/.m2/repository/io/netty/netty-common/4.1.63.Final/netty-common-4.1.63.Final.jar:/home/michelablack/.m2/repository/com/fasterxml/jackson/core/jackson-core/2.11.0/jackson-core-2.11.0.jar:/home/michelablack/.m2/repository/com/fasterxml/jackson/core/jackson-databind/2.11.0/jackson-databind-2.11.0.jar:/home/michelablack/.m2/repository/com/fasterxml/jackson/core/jackson-annotations/2.11.0/jackson-annotations-2.11.0.jar:/home/michelablack/.m2/repository/org/jctools/jctools-core/2.1.2/jctools-core-2.1.2.jar:/home/michelablack/.m2/repository/org/apache/bookkeeper/bookkeeper-common-allocator/4.14.1/bookkeeper-common-allocator-4.14.1.jar:/home/michelablack/.m2/repository/io/netty/netty-buffer/4.1.63.Final/netty-buffer-4.1.63.Final.jar:/home/michelablack/.m2/repository/org/apache/bookkeeper/bookkeeper-proto/4.14.1/bookkeeper-proto-4.14.1.jar:/home/michelablack/.m2/repository/com/google/protobuf/protobuf-java/3.14.0/protobuf-java-3.14.0.jar:/home/michelablack/.m2/repository/org/apache/bookkeeper/bookkeeper-tools-framework/4.14.1/bookkeeper-tools-framework-4.14.1.jar:/home/michelablack/.m2/repository/org/rocksdb/rocksdbjni/6.16.4/rocksdbjni-6.16.4.jar:/home/michelablack/.m2/repository/org/slf4j/slf4j-log4j12/1.7.25/slf4j-log4j12-1.7.25.jar:/home/michelablack/.m2/repository/log4j/log4j/1.2.17/log4j-1.2.17.jar:/home/michelablack/.m2/repository/org/apache/zookeeper/zookeeper/3.6.2/zookeeper-3.6.2.jar:/home/michelablack/.m2/repository/commons-lang/commons-lang/2.6/commons-lang-2.6.jar:/home/michelablack/.m2/repository/org/apache/zookeeper/zookeeper-jute/3.6.2/zookeeper-jute-3.6.2.jar:/home/michelablack/.m2/repository/org/apache/yetus/audience-annotations/0.5.0/audience-annotations-0.5.0.jar:/home/michelablack/.m2/repository/io/netty/netty-handler/4.1.63.Final/netty-handler-4.1.63.Final.jar:/home/michelablack/.m2/repository/io/netty/netty-resolver/4.1.63.Final/netty-resolver-4.1.63.Final.jar:/home/michelablack/.m2/repository/io/netty/netty-transport/4.1.63.Final/netty-transport-4.1.63.Final.jar:/home/michelablack/.m2/repository/io/netty/netty-codec/4.1.63.Final/netty-codec-4.1.63.Final.jar:/home/michelablack/.m2/repository/io/netty/netty-transport-native-epoll/4.1.63.Final/netty-transport-native-epoll-4.1.63.Final-linux-x86_64.jar:/home/michelablack/.m2/repository/io/netty/netty-transport-native-unix-common/4.1.63.Final/netty-transport-native-unix-common-4.1.63.Final.jar:/home/michelablack/.m2/repository/io/netty/netty-tcnative-boringssl-static/2.0.38.Final/netty-tcnative-boringssl-static-2.0.38.Final.jar:/home/michelablack/.m2/repository/org/apache/bookkeeper/http/http-server/4.14.1/http-server-4.14.1.jar:/home/michelablack/.m2/repository/org/apache/bookkeeper/circe-checksum/4.14.1/circe-checksum-4.14.1.jar:/home/michelablack/.m2/repository/commons-cli/commons-cli/1.2/commons-cli-1.2.jar:/home/michelablack/.m2/repository/commons-codec/commons-codec/1.6/commons-codec-1.6.jar:/home/michelablack/.m2/repository/commons-io/commons-io/2.4/commons-io-2.4.jar:/home/michelablack/.m2/repository/org/apache/commons/commons-lang3/3.6/commons-lang3-3.6.jar:/home/michelablack/.m2/repository/org/apache/commons/commons-collections4/4.1/commons-collections4-4.1.jar:/home/michelablack/.m2/repository/org/bouncycastle/bc-fips/1.0.2/bc-fips-1.0.2.jar:/home/michelablack/.m2/repository/com/beust/jcommander/1.78/jcommander-1.78.jar:/home/michelablack/.m2/repository/net/java/dev/jna/jna/3.2.7/jna-3.2.7.jar:/home/michelablack/.m2/repository/org/apache/httpcomponents/httpclient/4.5.5/httpclient-4.5.5.jar:/home/michelablack/.m2/repository/org/apache/httpcomponents/httpcore/4.4.9/httpcore-4.4.9.jar:/home/michelablack/.m2/repository/commons-logging/commons-logging/1.2/commons-logging-1.2.jar:/home/michelablack/.m2/repository/org/apache/bookkeeper/bookkeeper-common/4.14.1/bookkeeper-common-4.14.1-tests.jar:/home/michelablack/.m2/repository/org/apache/kerby/kerby-config/1.1.1/kerby-config-1.1.1.jar:/home/michelablack/.m2/repository/org/apache/kerby/kerb-simplekdc/1.1.1/kerb-simplekdc-1.1.1.jar:/home/michelablack/.m2/repository/org/apache/kerby/kerb-client/1.1.1/kerb-client-1.1.1.jar:/home/michelablack/.m2/repository/org/apache/kerby/kerb-core/1.1.1/kerb-core-1.1.1.jar:/home/michelablack/.m2/repository/org/apache/kerby/kerby-pkix/1.1.1/kerby-pkix-1.1.1.jar:/home/michelablack/.m2/repository/org/apache/kerby/kerby-asn1/1.1.1/kerby-asn1-1.1.1.jar:/home/michelablack/.m2/repository/org/apache/kerby/kerby-util/1.1.1/kerby-util-1.1.1.jar:/home/michelablack/.m2/repository/org/apache/kerby/kerb-common/1.1.1/kerb-common-1.1.1.jar:/home/michelablack/.m2/repository/org/apache/kerby/kerb-crypto/1.1.1/kerb-crypto-1.1.1.jar:/home/michelablack/.m2/repository/org/apache/kerby/kerb-util/1.1.1/kerb-util-1.1.1.jar:/home/michelablack/.m2/repository/org/apache/kerby/token-provider/1.1.1/token-provider-1.1.1.jar:/home/michelablack/.m2/repository/com/nimbusds/nimbus-jose-jwt/4.41.2/nimbus-jose-jwt-4.41.2.jar:/home/michelablack/.m2/repository/com/github/stephenc/jcip/jcip-annotations/1.0-1/jcip-annotations-1.0-1.jar:/home/michelablack/.m2/repository/net/minidev/json-smart/2.3/json-smart-2.3.jar:/home/michelablack/.m2/repository/net/minidev/accessors-smart/1.2/accessors-smart-1.2.jar:/home/michelablack/.m2/repository/org/ow2/asm/asm/5.0.4/asm-5.0.4.jar:/home/michelablack/.m2/repository/org/apache/kerby/kerb-admin/1.1.1/kerb-admin-1.1.1.jar:/home/michelablack/.m2/repository/org/apache/kerby/kerb-server/1.1.1/kerb-server-1.1.1.jar:/home/michelablack/.m2/repository/org/apache/kerby/kerb-identity/1.1.1/kerb-identity-1.1.1.jar:/home/michelablack/.m2/repository/org/apache/kerby/kerby-xdr/1.1.1/kerby-xdr-1.1.1.jar:/home/michelablack/.m2/repository/org/apache/zookeeper/zookeeper/3.6.2/zookeeper-3.6.2-tests.jar:/home/michelablack/.m2/repository/org/xerial/snappy/snappy-java/1.1.7/snappy-java-1.1.7.jar:/home/michelablack/.m2/repository/io/dropwizard/metrics/metrics-core/3.2.5/metrics-core-3.2.5.jar:/home/michelablack/.m2/repository/org/apache/bookkeeper/stats/prometheus-metrics-provider/4.14.1/prometheus-metrics-provider-4.14.1.jar:/home/michelablack/.m2/repository/io/prometheus/simpleclient/0.8.1/simpleclient-0.8.1.jar:/home/michelablack/.m2/repository/io/prometheus/simpleclient_hotspot/0.8.1/simpleclient_hotspot-0.8.1.jar:/home/michelablack/.m2/repository/io/prometheus/simpleclient_servlet/0.8.1/simpleclient_servlet-0.8.1.jar:/home/michelablack/.m2/repository/io/prometheus/simpleclient_common/0.8.1/simpleclient_common-0.8.1.jar:/home/michelablack/.m2/repository/org/eclipse/jetty/jetty-servlet/9.4.33.v20201020/jetty-servlet-9.4.33.v20201020.jar:/home/michelablack/.m2/repository/org/eclipse/jetty/jetty-security/9.4.33.v20201020/jetty-security-9.4.33.v20201020.jar:/home/michelablack/.m2/repository/org/eclipse/jetty/jetty-server/9.4.33.v20201020/jetty-server-9.4.33.v20201020.jar:/home/michelablack/.m2/repository/javax/servlet/javax.servlet-api/4.0.0/javax.servlet-api-4.0.0.jar:/home/michelablack/.m2/repository/org/eclipse/jetty/jetty-http/9.4.33.v20201020/jetty-http-9.4.33.v20201020.jar:/home/michelablack/.m2/repository/org/eclipse/jetty/jetty-util/9.4.33.v20201020/jetty-util-9.4.33.v20201020.jar:/home/michelablack/.m2/repository/org/eclipse/jetty/jetty-io/9.4.33.v20201020/jetty-io-9.4.33.v20201020.jar:/home/michelablack/.m2/repository/com/yahoo/datasketches/sketches-core/0.8.3/sketches-core-0.8.3.jar:/home/michelablack/.m2/repository/com/yahoo/datasketches/memory/0.8.3/memory-0.8.3.jar:/home/michelablack/.m2/repository/org/apache/bookkeeper/http/vertx-http-server/4.14.1/vertx-http-server-4.14.1.jar:/home/michelablack/.m2/repository/io/vertx/vertx-core/3.5.3/vertx-core-3.5.3.jar:/home/michelablack/.m2/repository/io/netty/netty-handler-proxy/4.1.63.Final/netty-handler-proxy-4.1.63.Final.jar:/home/michelablack/.m2/repository/io/netty/netty-codec-socks/4.1.63.Final/netty-codec-socks-4.1.63.Final.jar:/home/michelablack/.m2/repository/io/netty/netty-codec-http/4.1.63.Final/netty-codec-http-4.1.63.Final.jar:/home/michelablack/.m2/repository/io/netty/netty-codec-http2/4.1.63.Final/netty-codec-http2-4.1.63.Final.jar:/home/michelablack/.m2/repository/io/netty/netty-resolver-dns/4.1.63.Final/netty-resolver-dns-4.1.63.Final.jar:/home/michelablack/.m2/repository/io/netty/netty-codec-dns/4.1.63.Final/netty-codec-dns-4.1.63.Final.jar:/home/michelablack/.m2/repository/io/vertx/vertx-web/3.5.3/vertx-web-3.5.3.jar:/home/michelablack/.m2/repository/io/vertx/vertx-auth-common/3.5.3/vertx-auth-common-3.5.3.jar:/home/michelablack/.m2/repository/io/vertx/vertx-bridge-common/3.5.3/vertx-bridge-common-3.5.3.jar:/home/michelablack/.m2/repository/org/pitest/pitest-maven/1.5.1/pitest-maven-1.5.1.jar:/home/michelablack/.m2/repository/org/pitest/pitest-entry/1.5.1/pitest-entry-1.5.1.jar:/home/michelablack/.m2/repository/org/pitest/pitest/1.5.1/pitest-1.5.1.jar:/home/michelablack/.m2/repository/org/pitest/pitest-html-report/1.5.1/pitest-html-report-1.5.1.jar:/home/michelablack/.m2/repository/org/pitest/pitest-aggregator/1.5.1/pitest-aggregator-1.5.1.jar:/home/michelablack/.m2/repository/org/apache/maven/maven-plugin-api/2.2.1/maven-plugin-api-2.2.1.jar:/home/michelablack/.m2/repository/org/apache/maven/reporting/maven-reporting-api/2.2.1/maven-reporting-api-2.2.1.jar:/home/michelablack/.m2/repository/org/apache/maven/doxia/doxia-sink-api/1.1/doxia-sink-api-1.1.jar:/home/michelablack/.m2/repository/org/apache/maven/doxia/doxia-logging-api/1.1/doxia-logging-api-1.1.jar:/home/michelablack/.m2/repository/commons-collections/commons-collections/3.2.2/commons-collections-3.2.2.jar:/home/michelablack/.m2/repository/commons-beanutils/commons-beanutils/1.9.4/commons-beanutils-1.9.4.jar:/home/michelablack/.m2/repository/org/codehaus/plexus/plexus-utils/3.3.0/plexus-utils-3.3.0.jar:/home/michelablack/.m2/repository/org/apache/maven/reporting/maven-reporting-impl/2.0.4.3/maven-reporting-impl-2.0.4.3.jar:/home/michelablack/.m2/repository/org/apache/maven/doxia/doxia-core/1.0/doxia-core-1.0.jar:/home/michelablack/.m2/repository/org/apache/maven/doxia/doxia-site-renderer/1.0/doxia-site-renderer-1.0.jar:/home/michelablack/.m2/repository/org/codehaus/plexus/plexus-i18n/1.0-beta-7/plexus-i18n-1.0-beta-7.jar:/home/michelablack/.m2/repository/org/codehaus/plexus/plexus-velocity/1.1.7/plexus-velocity-1.1.7.jar:/home/michelablack/.m2/repository/org/apache/velocity/velocity/1.5/velocity-1.5.jar:/home/michelablack/.m2/repository/org/apache/maven/doxia/doxia-decoration-model/1.0/doxia-decoration-model-1.0.jar:/home/michelablack/.m2/repository/org/apache/maven/doxia/doxia-module-apt/1.0/doxia-module-apt-1.0.jar:/home/michelablack/.m2/repository/org/apache/maven/doxia/doxia-module-fml/1.0/doxia-module-fml-1.0.jar:/home/michelablack/.m2/repository/org/apache/maven/doxia/doxia-module-xdoc/1.0/doxia-module-xdoc-1.0.jar:/home/michelablack/.m2/repository/org/apache/maven/doxia/doxia-module-xhtml/1.0/doxia-module-xhtml-1.0.jar:/home/michelablack/.m2/repository/commons-validator/commons-validator/1.2.0/commons-validator-1.2.0.jar:/home/michelablack/.m2/repository/commons-digester/commons-digester/1.6/commons-digester-1.6.jar:/home/michelablack/.m2/repository/oro/oro/2.0.8/oro-2.0.8.jar:/home/michelablack/.m2/repository/xml-apis/xml-apis/1.0.b2/xml-apis-1.0.b2.jar:/home/michelablack/.m2/repository/org/apache/maven/shared/maven-doxia-tools/1.0.2/maven-doxia-tools-1.0.2.jar:/home/michelablack/.m2/repository/org/apache/maven/maven-project/2.2.1/maven-project-2.2.1.jar:/home/michelablack/.m2/repository/org/apache/maven/maven-settings/2.2.1/maven-settings-2.2.1.jar:/home/michelablack/.m2/repository/org/apache/maven/maven-profile/2.2.1/maven-profile-2.2.1.jar:/home/michelablack/.m2/repository/org/apache/maven/maven-model/2.2.1/maven-model-2.2.1.jar:/home/michelablack/.m2/repository/org/apache/maven/maven-artifact-manager/2.2.1/maven-artifact-manager-2.2.1.jar:/home/michelablack/.m2/repository/org/apache/maven/maven-repository-metadata/2.2.1/maven-repository-metadata-2.2.1.jar:/home/michelablack/.m2/repository/org/apache/maven/wagon/wagon-provider-api/1.0-beta-6/wagon-provider-api-1.0-beta-6.jar:/home/michelablack/.m2/repository/backport-util-concurrent/backport-util-concurrent/3.1/backport-util-concurrent-3.1.jar:/home/michelablack/.m2/repository/org/apache/maven/maven-plugin-registry/2.2.1/maven-plugin-registry-2.2.1.jar:/home/michelablack/.m2/repository/org/codehaus/plexus/plexus-interpolation/1.11/plexus-interpolation-1.11.jar:/home/michelablack/.m2/repository/org/codehaus/plexus/plexus-container-default/1.0-alpha-9-stable-1/plexus-container-default-1.0-alpha-9-stable-1.jar:/home/michelablack/.m2/repository/classworlds/classworlds/1.1-alpha-2/classworlds-1.1-alpha-2.jar:/home/michelablack/.m2/repository/org/apache/maven/scm/maven-scm-api/1.9.4/maven-scm-api-1.9.4.jar:/home/michelablack/.m2/repository/org/apache/maven/scm/maven-scm-manager-plexus/1.9.4/maven-scm-manager-plexus-1.9.4.jar:/home/michelablack/.m2/repository/org/codehaus/groovy/groovy-all/2.4.18/groovy-all-2.4.18.jar:/home/michelablack/.m2/repository/org/apache/maven/scm/maven-scm-provider-accurev/1.9.4/maven-scm-provider-accurev-1.9.4.jar:/home/michelablack/.m2/repository/org/apache/maven/scm/maven-scm-provider-bazaar/1.9.4/maven-scm-provider-bazaar-1.9.4.jar:/home/michelablack/.m2/repository/org/apache/maven/scm/maven-scm-provider-clearcase/1.9.4/maven-scm-provider-clearcase-1.9.4.jar:/home/michelablack/.m2/repository/org/apache/maven/scm/maven-scm-provider-cvsexe/1.9.4/maven-scm-provider-cvsexe-1.9.4.jar:/home/michelablack/.m2/repository/org/apache/maven/scm/maven-scm-provider-cvs-commons/1.9.4/maven-scm-provider-cvs-commons-1.9.4.jar:/home/michelablack/.m2/repository/org/apache/maven/scm/maven-scm-provider-cvsjava/1.9.4/maven-scm-provider-cvsjava-1.9.4.jar:/home/michelablack/.m2/repository/org/netbeans/lib/cvsclient/20060125/cvsclient-20060125.jar:/home/michelablack/.m2/repository/ch/ethz/ganymed/ganymed-ssh2/build210/ganymed-ssh2-build210.jar:/home/michelablack/.m2/repository/org/apache/maven/scm/maven-scm-provider-gitexe/1.9.4/maven-scm-provider-gitexe-1.9.4.jar:/home/michelablack/.m2/repository/org/apache/maven/scm/maven-scm-provider-git-commons/1.9.4/maven-scm-provider-git-commons-1.9.4.jar:/home/michelablack/.m2/repository/org/apache/maven/scm/maven-scm-provider-hg/1.9.4/maven-scm-provider-hg-1.9.4.jar:/home/michelablack/.m2/repository/org/apache/maven/scm/maven-scm-provider-perforce/1.9.4/maven-scm-provider-perforce-1.9.4.jar:/home/michelablack/.m2/repository/org/apache/maven/scm/maven-scm-provider-starteam/1.9.4/maven-scm-provider-starteam-1.9.4.jar:/home/michelablack/.m2/repository/org/apache/maven/scm/maven-scm-provider-svnexe/1.9.4/maven-scm-provider-svnexe-1.9.4.jar:/home/michelablack/.m2/repository/org/apache/maven/scm/maven-scm-provider-svn-commons/1.9.4/maven-scm-provider-svn-commons-1.9.4.jar:/home/michelablack/.m2/repository/org/apache/maven/scm/maven-scm-provider-synergy/1.9.4/maven-scm-provider-synergy-1.9.4.jar:/home/michelablack/.m2/repository/org/apache/maven/scm/maven-scm-provider-vss/1.9.4/maven-scm-provider-vss-1.9.4.jar:/home/michelablack/.m2/repository/org/apache/maven/scm/maven-scm-provider-tfs/1.9.4/maven-scm-provider-tfs-1.9.4.jar:/home/michelablack/.m2/repository/org/apache/maven/scm/maven-scm-provider-integrity/1.9.4/maven-scm-provider-integrity-1.9.4.jar:/home/michelablack/.m2/repository/com/mks/api/mksapi-jar/4.10.9049/mksapi-jar-4.10.9049.jar:/home/michelablack/.m2/repository/org/apache/maven/scm/maven-scm-provider-jazz/1.9.4/maven-scm-provider-jazz-1.9.4.jar:/home/michelablack/.m2/repository/org/apache/maven/surefire/surefire-booter/2.17/surefire-booter-2.17.jar:/home/michelablack/.m2/repository/org/apache/maven/surefire/surefire-api/2.17/surefire-api-2.17.jar:/home/michelablack/.m2/repository/org/apache/maven/surefire/maven-surefire-common/2.17/maven-surefire-common-2.17.jar:/home/michelablack/.m2/repository/org/apache/maven/plugin-tools/maven-plugin-annotations/3.2/maven-plugin-annotations-3.2.jar:/home/michelablack/.m2/repository/org/apache/maven/maven-plugin-descriptor/2.0.9/maven-plugin-descriptor-2.0.9.jar:/home/michelablack/.m2/repository/org/apache/maven/maven-core/2.0.9/maven-core-2.0.9.jar:/home/michelablack/.m2/repository/org/apache/maven/maven-plugin-parameter-documenter/2.0.9/maven-plugin-parameter-documenter-2.0.9.jar:/home/michelablack/.m2/repository/org/apache/maven/maven-error-diagnostics/2.0.9/maven-error-diagnostics-2.0.9.jar:/home/michelablack/.m2/repository/org/apache/maven/maven-monitor/2.0.9/maven-monitor-2.0.9.jar:/home/michelablack/.m2/repository/org/apache/maven/maven-artifact/2.2.1/maven-artifact-2.2.1.jar:/home/michelablack/.m2/repository/org/apache/maven/maven-toolchain/2.2.1/maven-toolchain-2.2.1.jar:/home/michelablack/.m2/repository/org/slf4j/jul-to-slf4j/1.7.12/jul-to-slf4j-1.7.12.jar:/home/michelablack/.m2/repository/uk/org/lidalia/sysout-over-slf4j/1.0.2/sysout-over-slf4j-1.0.2.jar:/home/michelablack/.m2/repository/org/projectlombok/lombok/1.18.20/lombok-1.18.20.jar:/home/michelablack/.m2/repository/com/github/spotbugs/spotbugs-annotations/3.1.8/spotbugs-annotations-3.1.8.jar:/home/michelablack/.m2/repository/com/google/code/findbugs/jsr305/3.0.2/jsr305-3.0.2.jar:/home/michelablack/.m2/repository/org/slf4j/slf4j-api/1.7.25/slf4j-api-1.7.25.jar:/home/michelablack/.m2/repository/commons-configuration/commons-configuration/1.10/commons-configuration-1.10.jar:/home/michelablack/.m2/repository/junit/junit/4.12/junit-4.12.jar:/home/michelablack/.m2/repository/org/hamcrest/hamcrest-core/1.3/hamcrest-core-1.3.jar:/home/michelablack/.m2/repository/org/hamcrest/hamcrest-all/1.3/hamcrest-all-1.3.jar:/home/michelablack/.m2/repository/org/mockito/mockito-core/3.0.0/mockito-core-3.0.0.jar:/home/michelablack/.m2/repository/net/bytebuddy/byte-buddy/1.9.10/byte-buddy-1.9.10.jar:/home/michelablack/.m2/repository/net/bytebuddy/byte-buddy-agent/1.9.10/byte-buddy-agent-1.9.10.jar:/home/michelablack/.m2/repository/org/objenesis/objenesis/2.6/objenesis-2.6.jar:/home/michelablack/.m2/repository/org/mockito/mockito-all/1.9.5/mockito-all-1.9.5.jar:/home/michelablack/.m2/repository/org/powermock/powermock-api-mockito2/2.0.2/powermock-api-mockito2-2.0.2.jar:/home/michelablack/.m2/repository/org/powermock/powermock-api-support/2.0.2/powermock-api-support-2.0.2.jar:/home/michelablack/.m2/repository/org/powermock/powermock-reflect/2.0.2/powermock-reflect-2.0.2.jar:/home/michelablack/.m2/repository/org/powermock/powermock-core/2.0.2/powermock-core-2.0.2.jar:/home/michelablack/.m2/repository/org/javassist/javassist/3.24.0-GA/javassist-3.24.0-GA.jar:/home/michelablack/.m2/repository/org/powermock/powermock-module-junit4/2.0.2/powermock-module-junit4-2.0.2.jar:/home/michelablack/.m2/repository/org/powermock/powermock-module-junit4-common/2.0.2/powermock-module-junit4-common-2.0.2.jar:"/>
    <property name="sun.cpu.endian" value="little"/>
    <property name="user.home" value="/home/michelablack"/>
    <property name="user.language" value="it"/>
    <property name="java.specification.vendor" value="Oracle Corporation"/>
    <property name="java.version.date" value="2021-01-19"/>
    <property name="java.home" value="/usr/lib/jvm/java-11-openjdk-amd64"/>
    <property name="file.separator" value="/"/>
    <property name="basedir" value="/home/michelablack/bookkeeper/bookkeeper-server"/>
    <property name="java.vm.compressedOopsMode" value="32-bit"/>
    <property name="line.separator" value="&#10;"/>
    <property name="java.specification.name" value="Java Platform API Specification"/>
    <property name="java.vm.specification.vendor" value="Oracle Corporation"/>
    <property name="java.awt.graphicsenv" value="sun.awt.X11GraphicsEnvironment"/>
    <property name="surefire.real.class.path" value="/home/michelablack/bookkeeper/bookkeeper-server/target/surefire/surefirebooter13959525532566235443.jar"/>
    <property name="sun.management.compiler" value="HotSpot 64-Bit Tiered Compilers"/>
    <property name="java.runtime.version" value="11.0.10+9-Ubuntu-0ubuntu1.20.04"/>
    <property name="user.name" value="michelablack"/>
    <property name="java.net.preferIPv4Stack" value="true"/>
    <property name="path.separator" value=":"/>
    <property name="os.version" value="5.4.0-66-generic"/>
    <property name="java.runtime.name" value="OpenJDK Runtime Environment"/>
    <property name="file.encoding" value="UTF-8"/>
    <property name="java.vm.name" value="OpenJDK 64-Bit Server VM"/>
    <property name="localRepository" value="/home/michelablack/.m2/repository"/>
    <property name="java.vendor.url.bug" value="https://bugs.launchpad.net/ubuntu/+source/openjdk-lts"/>
    <property name="java.io.tmpdir" value="/tmp"/>
    <property name="idea.version" value="2020.3.3"/>
    <property name="java.version" value="11.0.10"/>
    <property name="user.dir" value="/home/michelablack/bookkeeper/bookkeeper-server"/>
    <property name="os.arch" value="amd64"/>
    <property name="java.vm.specification.name" value="Java Virtual Machine Specification"/>
    <property name="java.awt.printerjob" value="sun.print.PSPrinterJob"/>
    <property name="sun.os.patch.level" value="unknown"/>
    <property name="java.library.path" value="/usr/java/packages/lib:/usr/lib/x86_64-linux-gnu/jni:/lib/x86_64-linux-gnu:/usr/lib/x86_64-linux-gnu:/usr/lib/jni:/lib:/usr/lib"/>
    <property name="java.vm.info" value="mixed mode, sharing"/>
    <property name="java.vendor" value="Ubuntu"/>
    <property name="java.vm.version" value="11.0.10+9-Ubuntu-0ubuntu1.20.04"/>
    <property name="sun.io.unicode.encoding" value="UnicodeLittle"/>
    <property name="java.class.version" value="55.0"/>
  </properties>
  <testcase name="get[0]" classname="org.uniroma2.it.ledgerMetadataIndexTests.LedgerMetadataIndexGetTest" time="1.574"/>
  <testcase name="get[1]" classname="org.uniroma2.it.ledgerMetadataIndexTests.LedgerMetadataIndexGetTest" time="0.003"/>
</testsuite>